<?xml version="1.0" encoding="UTF-8"?>
<!-- Generated by org.testng.reporters.JUnitReportReporter -->
<testsuite hostname="Hp-PC" failures="0" tests="1" name="com.worldline.com.worldline.testNG.TestNGClass" time="0.031" errors="0" timestamp="17 Mar 2019 04:53:10 GMT" skipped="0">
  <testcase classname="com.worldline.com.worldline.testNG.TestNGClass" name="f" time="0.031"/>
</testsuite> <!-- com.worldline.com.worldline.testNG.TestNGClass -->
