<?xml version="1.0" encoding="UTF-8"?>
<!-- Generated by org.testng.reporters.JUnitReportReporter -->
<testsuite hostname="Hp-PC" failures="0" tests="1" name="com.worldline.testNG.NewTest" time="0.016" errors="0" timestamp="23 Mar 2019 04:59:25 GMT" skipped="0">
  <testcase classname="com.worldline.testNG.NewTest" name="f" time="0.016"/>
</testsuite> <!-- com.worldline.testNG.NewTest -->
