<?xml version="1.0" encoding="UTF-8"?>
<!-- Generated by org.testng.reporters.JUnitReportReporter -->
<testsuite hostname="Hp-PC" failures="0" tests="2" name="com.worldline.testNG.com.worldline.testNG.NewTest" time="0.011" errors="0" timestamp="17 Mar 2019 05:09:43 GMT" skipped="0">
  <testcase classname="com.worldline.testNG.com.worldline.testNG.NewTest" name="f" time="0.011"/>
  <testcase classname="com.worldline.testNG.com.worldline.testNG.NewTest" name="f2" time="0.000"/>
</testsuite> <!-- com.worldline.testNG.com.worldline.testNG.NewTest -->
